<?xml version="1.0" encoding="UTF-8"?>
<!-- Generated by org.testng.reporters.JUnitXMLReporter -->
<testsuite ignored="0" hostname="LAPTOP-QEJSVPSF" failures="0" tests="4" name="Default test" time="3.06" errors="0" timestamp="2026-02-21T16:32:31 IST">
  <testcase classname="com.framework.concepts.ApplicationCommons" name="TestCase1" time="0.005"/>
  <testcase classname="com.framework.concepts.ApplicationCommons" name="TestCase2" time="3.003"/>
  <testcase classname="com.framework.concepts.ApplicationCommons" name="TestCase3" time="0.001"/>
  <testcase classname="com.framework.concepts.ApplicationCommons" name="TestCase3" time="0.001"/>
</testsuite> <!-- Default test -->
