<?xml version="1.0" encoding="UTF-8"?>
<testng-results ignored="0" total="4" passed="4" failed="0" skipped="0">
  <reporter-output>
  </reporter-output>
  <suite started-at="2026-02-21T16:32:28 IST" name="Default suite" finished-at="2026-02-21T16:32:31 IST" duration-ms="3060">
    <groups>
    </groups>
    <test started-at="2026-02-21T16:32:28 IST" name="Default test" finished-at="2026-02-21T16:32:31 IST" duration-ms="3060">
      <class name="com.framework.concepts.ApplicationCommons">
        <test-method is-config="true" signature="startReporting()[pri:0, instance:com.framework.concepts.ApplicationCommons@7748410a]" started-at="2026-02-21T16:32:28 IST" name="startReporting" finished-at="2026-02-21T16:32:28 IST" duration-ms="9" status="PASS">
          <reporter-output>
          </reporter-output>
        </test-method> <!-- startReporting -->
        <test-method is-config="true" signature="launchBrowserAndApplication(java.lang.String,java.lang.String)[pri:0, instance:com.framework.concepts.ApplicationCommons@7748410a]" started-at="2026-02-21T16:32:28 IST" name="launchBrowserAndApplication" finished-at="2026-02-21T16:32:28 IST" duration-ms="4" status="PASS">
          <params>
            <param index="0">
              <value>
                <![CDATA[chrome]]>
              </value>
            </param>
            <param index="1">
              <value>
                <![CDATA[www.amazoan.com]]>
              </value>
            </param>
          </params>
          <reporter-output>
          </reporter-output>
        </test-method> <!-- launchBrowserAndApplication -->
        <test-method signature="TestCase1()[pri:0, instance:com.framework.concepts.ApplicationCommons@7748410a]" started-at="2026-02-21T16:32:28 IST" name="TestCase1" finished-at="2026-02-21T16:32:28 IST" duration-ms="5" status="PASS">
          <reporter-output>
          </reporter-output>
        </test-method> <!-- TestCase1 -->
        <test-method is-config="true" signature="closeBrowser()[pri:0, instance:com.framework.concepts.ApplicationCommons@7748410a]" started-at="2026-02-21T16:32:28 IST" name="closeBrowser" finished-at="2026-02-21T16:32:28 IST" duration-ms="1" status="PASS">
          <reporter-output>
          </reporter-output>
        </test-method> <!-- closeBrowser -->
        <test-method signature="TestCase2()[pri:0, instance:com.framework.concepts.ApplicationCommons@7748410a]" started-at="2026-02-21T16:32:28 IST" name="TestCase2" finished-at="2026-02-21T16:32:31 IST" duration-ms="3003" status="PASS">
          <reporter-output>
          </reporter-output>
        </test-method> <!-- TestCase2 -->
        <test-method is-config="true" signature="launchBrowserAndApplication(java.lang.String,java.lang.String)[pri:0, instance:com.framework.concepts.ApplicationCommons@7748410a]" started-at="2026-02-21T16:32:28 IST" name="launchBrowserAndApplication" finished-at="2026-02-21T16:32:28 IST" duration-ms="0" status="PASS">
          <params>
            <param index="0">
              <value>
                <![CDATA[chrome]]>
              </value>
            </param>
            <param index="1">
              <value>
                <![CDATA[www.amazoan.com]]>
              </value>
            </param>
          </params>
          <reporter-output>
          </reporter-output>
        </test-method> <!-- launchBrowserAndApplication -->
        <test-method is-config="true" signature="closeBrowser()[pri:0, instance:com.framework.concepts.ApplicationCommons@7748410a]" started-at="2026-02-21T16:32:31 IST" name="closeBrowser" finished-at="2026-02-21T16:32:31 IST" duration-ms="1" status="PASS">
          <reporter-output>
          </reporter-output>
        </test-method> <!-- closeBrowser -->
        <test-method is-config="true" signature="launchBrowserAndApplication(java.lang.String,java.lang.String)[pri:0, instance:com.framework.concepts.ApplicationCommons@7748410a]" started-at="2026-02-21T16:32:31 IST" name="launchBrowserAndApplication" finished-at="2026-02-21T16:32:31 IST" duration-ms="1" status="PASS">
          <params>
            <param index="0">
              <value>
                <![CDATA[chrome]]>
              </value>
            </param>
            <param index="1">
              <value>
                <![CDATA[www.amazoan.com]]>
              </value>
            </param>
          </params>
          <reporter-output>
          </reporter-output>
        </test-method> <!-- launchBrowserAndApplication -->
        <test-method signature="TestCase3(java.lang.String,java.lang.String)[pri:0, instance:com.framework.concepts.ApplicationCommons@7748410a]" started-at="2026-02-21T16:32:31 IST" name="TestCase3" data-provider="testcase3" finished-at="2026-02-21T16:32:31 IST" duration-ms="1" status="PASS">
          <params>
            <param index="0">
              <value>
                <![CDATA[Bharath]]>
              </value>
            </param>
            <param index="1">
              <value>
                <![CDATA[Bharath123]]>
              </value>
            </param>
          </params>
          <reporter-output>
          </reporter-output>
        </test-method> <!-- TestCase3 -->
        <test-method is-config="true" signature="closeBrowser()[pri:0, instance:com.framework.concepts.ApplicationCommons@7748410a]" started-at="2026-02-21T16:32:31 IST" name="closeBrowser" finished-at="2026-02-21T16:32:31 IST" duration-ms="0" status="PASS">
          <reporter-output>
          </reporter-output>
        </test-method> <!-- closeBrowser -->
        <test-method is-config="true" signature="launchBrowserAndApplication(java.lang.String,java.lang.String)[pri:0, instance:com.framework.concepts.ApplicationCommons@7748410a]" started-at="2026-02-21T16:32:31 IST" name="launchBrowserAndApplication" finished-at="2026-02-21T16:32:31 IST" duration-ms="1" status="PASS">
          <params>
            <param index="0">
              <value>
                <![CDATA[chrome]]>
              </value>
            </param>
            <param index="1">
              <value>
                <![CDATA[www.amazoan.com]]>
              </value>
            </param>
          </params>
          <reporter-output>
          </reporter-output>
        </test-method> <!-- launchBrowserAndApplication -->
        <test-method signature="TestCase3(java.lang.String,java.lang.String)[pri:0, instance:com.framework.concepts.ApplicationCommons@7748410a]" started-at="2026-02-21T16:32:31 IST" name="TestCase3" data-provider="testcase3" finished-at="2026-02-21T16:32:31 IST" duration-ms="1" status="PASS">
          <params>
            <param index="0">
              <value>
                <![CDATA[sfjbjw324729]]>
              </value>
            </param>
            <param index="1">
              <value>
                <![CDATA[jh#%&^$%]]>
              </value>
            </param>
          </params>
          <reporter-output>
          </reporter-output>
        </test-method> <!-- TestCase3 -->
        <test-method is-config="true" signature="closeBrowser()[pri:0, instance:com.framework.concepts.ApplicationCommons@7748410a]" started-at="2026-02-21T16:32:31 IST" name="closeBrowser" finished-at="2026-02-21T16:32:31 IST" duration-ms="1" status="PASS">
          <reporter-output>
          </reporter-output>
        </test-method> <!-- closeBrowser -->
        <test-method is-config="true" signature="stopReporting()[pri:0, instance:com.framework.concepts.ApplicationCommons@7748410a]" started-at="2026-02-21T16:32:32 IST" name="stopReporting" finished-at="2026-02-21T16:32:32 IST" duration-ms="0" status="PASS">
          <reporter-output>
          </reporter-output>
        </test-method> <!-- stopReporting -->
      </class> <!-- com.framework.concepts.ApplicationCommons -->
    </test> <!-- Default test -->
  </suite> <!-- Default suite -->
</testng-results>
