<?xml version="1.0" encoding="UTF-8"?>
<!-- Generated by org.testng.reporters.JUnitReportReporter -->
<testsuite hostname="LAPTOP-QEJSVPSF" failures="0" tests="4" name="com.framework.concepts.ApplicationCommons" time="3.019" errors="0" timestamp="2026-02-21T16:32:32 IST" skipped="0">
  <testcase classname="com.framework.concepts.ApplicationCommons" name="TestCase3" time="0.005"/>
  <testcase classname="com.framework.concepts.ApplicationCommons" name="TestCase2" time="3.005"/>
  <testcase classname="com.framework.concepts.ApplicationCommons" name="TestCase3" time="0.002"/>
  <testcase classname="com.framework.concepts.ApplicationCommons" name="TestCase1" time="0.007"/>
</testsuite> <!-- com.framework.concepts.ApplicationCommons -->
